C:\Program Files\Microsoft Visual Studio\2022\Community\MSBuild\Microsoft\VC\v170\Microsoft.CppBuild.targets(531,5): warning MSB8028: 중간 디렉터리(x64\Debug\)에 다른 프로젝트(EmptyViewer.vcxproj)에서 공유하는 파일이 포함되어 있습니다.  이로 인해 잘못된 정리 및 다시 빌드 동작이 수행될 수 있습니다.
  Q2.cpp
D:\Git\CG_Assignment08\CG_Assignment08_Q2\Q2\Q2.cpp(357,50): warning C4267: '인수': 'size_t'에서 'GLsizei'(으)로 변환하면서 데이터가 손실될 수 있습니다.
load_mesh.obj : error LNK2019: __imp__invalid_parameter"void * __cdecl std::_Allocate_manually_vector_aligned<struct std::_Default_allocate_traits>(unsigned __int64)" (??$_Allocate_manually_vector_aligned@U_Default_allocate_traits@std@@@std@@YAPEAX_K@Z) 함수에서 참조되는 확인할 수 없는 외부 기호
Q2.obj : error LNK2001: 확인할 수 없는 외부 기호 __imp__invalid_parameter
load_mesh.obj : error LNK2019: __imp__CrtDbgReport"void * __cdecl std::_Allocate_manually_vector_aligned<struct std::_Default_allocate_traits>(unsigned __int64)" (??$_Allocate_manually_vector_aligned@U_Default_allocate_traits@std@@@std@@YAPEAX_K@Z) 함수에서 참조되는 확인할 수 없는 외부 기호
Q2.obj : error LNK2001: 확인할 수 없는 외부 기호 __imp__CrtDbgReport
Q2.obj : error LNK2019: __imp_glewInitmain 함수에서 참조되는 확인할 수 없는 외부 기호
Q2.obj : error LNK2019: __imp_glfwInitmain 함수에서 참조되는 확인할 수 없는 외부 기호
Q2.obj : error LNK2019: __imp_glfwTerminatemain 함수에서 참조되는 확인할 수 없는 외부 기호
Q2.obj : error LNK2019: __imp_glfwWindowHintmain 함수에서 참조되는 확인할 수 없는 외부 기호
Q2.obj : error LNK2019: __imp_glfwCreateWindowmain 함수에서 참조되는 확인할 수 없는 외부 기호
Q2.obj : error LNK2019: __imp_glfwDestroyWindowmain 함수에서 참조되는 확인할 수 없는 외부 기호
Q2.obj : error LNK2019: __imp_glfwWindowShouldClosemain 함수에서 참조되는 확인할 수 없는 외부 기호
Q2.obj : error LNK2019: __imp_glfwSetWindowShouldClose"void __cdecl processInput(struct GLFWwindow *)" (?processInput@@YAXPEAUGLFWwindow@@@Z) 함수에서 참조되는 확인할 수 없는 외부 기호
Q2.obj : error LNK2019: __imp_glfwSetWindowTitlemain 함수에서 참조되는 확인할 수 없는 외부 기호
Q2.obj : error LNK2019: __imp_glfwSetFramebufferSizeCallbackmain 함수에서 참조되는 확인할 수 없는 외부 기호
Q2.obj : error LNK2019: __imp_glfwPollEventsmain 함수에서 참조되는 확인할 수 없는 외부 기호
Q2.obj : error LNK2019: __imp_glfwGetKey"void __cdecl processInput(struct GLFWwindow *)" (?processInput@@YAXPEAUGLFWwindow@@@Z) 함수에서 참조되는 확인할 수 없는 외부 기호
Q2.obj : error LNK2019: __imp_glfwMakeContextCurrentmain 함수에서 참조되는 확인할 수 없는 외부 기호
Q2.obj : error LNK2019: __imp_glfwSwapBuffersmain 함수에서 참조되는 확인할 수 없는 외부 기호
Q2.obj : error LNK2019: __imp___glewBeginQuery"void __cdecl start_timing(void)" (?start_timing@@YAXXZ) 함수에서 참조되는 확인할 수 없는 외부 기호
Q2.obj : error LNK2019: __imp___glewBindBuffer"void __cdecl Update_mesh(unsigned int const &,class std::vector<unsigned int,class std::allocator<unsigned int> > const &,class std::vector<struct glm::detail::tvec3<float,0>,class std::allocator<struct glm::detail::tvec3<float,0> > >,class std::vector<struct glm::detail::tvec3<float,0>,class std::allocator<struct glm::detail::tvec3<float,0> > >,class std::vector<struct glm::detail::tvec3<float,0>,class std::allocator<struct glm::detail::tvec3<float,0> > >,class std::vector<unsigned int,class std::allocator<unsigned int> > &)" (?Update_mesh@@YAXAEBIAEBV?$vector@IV?$allocator@I@std@@@std@@V?$vector@U?$tvec3@M$0A@@detail@glm@@V?$allocator@U?$tvec3@M$0A@@detail@glm@@@std@@@2@22AEAV12@@Z) 함수에서 참조되는 확인할 수 없는 외부 기호
Q2.obj : error LNK2019: __imp___glewBufferData"void __cdecl Update_mesh(unsigned int const &,class std::vector<unsigned int,class std::allocator<unsigned int> > const &,class std::vector<struct glm::detail::tvec3<float,0>,class std::allocator<struct glm::detail::tvec3<float,0> > >,class std::vector<struct glm::detail::tvec3<float,0>,class std::allocator<struct glm::detail::tvec3<float,0> > >,class std::vector<struct glm::detail::tvec3<float,0>,class std::allocator<struct glm::detail::tvec3<float,0> > >,class std::vector<unsigned int,class std::allocator<unsigned int> > &)" (?Update_mesh@@YAXAEBIAEBV?$vector@IV?$allocator@I@std@@@std@@V?$vector@U?$tvec3@M$0A@@detail@glm@@V?$allocator@U?$tvec3@M$0A@@detail@glm@@@std@@@2@22AEAV12@@Z) 함수에서 참조되는 확인할 수 없는 외부 기호
Q2.obj : error LNK2019: __imp___glewDeleteBuffersmain 함수에서 참조되는 확인할 수 없는 외부 기호
Q2.obj : error LNK2019: __imp___glewEndQuery"float __cdecl stop_timing(void)" (?stop_timing@@YAMXZ) 함수에서 참조되는 확인할 수 없는 외부 기호
Q2.obj : error LNK2019: __imp___glewGenBuffersmain 함수에서 참조되는 확인할 수 없는 외부 기호
Q2.obj : error LNK2019: __imp___glewGenQueries"void __cdecl init_timer(void)" (?init_timer@@YAXXZ) 함수에서 참조되는 확인할 수 없는 외부 기호
Q2.obj : error LNK2019: __imp___glewGetQueryObjectiv"float __cdecl stop_timing(void)" (?stop_timing@@YAMXZ) 함수에서 참조되는 확인할 수 없는 외부 기호
Q2.obj : error LNK2019: __imp___glewAttachShader"unsigned int __cdecl LoadShaders(class std::basic_string<char,struct std::char_traits<char>,class std::allocator<char> > const &,class std::basic_string<char,struct std::char_traits<char>,class std::allocator<char> > const &)" (?LoadShaders@@YAIAEBV?$basic_string@DU?$char_traits@D@std@@V?$allocator@D@2@@std@@0@Z) 함수에서 참조되는 확인할 수 없는 외부 기호
Q2.obj : error LNK2019: __imp___glewCompileShader"unsigned int __cdecl LoadShaders(class std::basic_string<char,struct std::char_traits<char>,class std::allocator<char> > const &,class std::basic_string<char,struct std::char_traits<char>,class std::allocator<char> > const &)" (?LoadShaders@@YAIAEBV?$basic_string@DU?$char_traits@D@std@@V?$allocator@D@2@@std@@0@Z) 함수에서 참조되는 확인할 수 없는 외부 기호
Q2.obj : error LNK2019: __imp___glewCreateProgram"unsigned int __cdecl LoadShaders(class std::basic_string<char,struct std::char_traits<char>,class std::allocator<char> > const &,class std::basic_string<char,struct std::char_traits<char>,class std::allocator<char> > const &)" (?LoadShaders@@YAIAEBV?$basic_string@DU?$char_traits@D@std@@V?$allocator@D@2@@std@@0@Z) 함수에서 참조되는 확인할 수 없는 외부 기호
Q2.obj : error LNK2019: __imp___glewCreateShader"unsigned int __cdecl LoadShaders(class std::basic_string<char,struct std::char_traits<char>,class std::allocator<char> > const &,class std::basic_string<char,struct std::char_traits<char>,class std::allocator<char> > const &)" (?LoadShaders@@YAIAEBV?$basic_string@DU?$char_traits@D@std@@V?$allocator@D@2@@std@@0@Z) 함수에서 참조되는 확인할 수 없는 외부 기호
Q2.obj : error LNK2019: __imp___glewDeleteProgrammain 함수에서 참조되는 확인할 수 없는 외부 기호
Q2.obj : error LNK2019: __imp___glewDeleteShader"unsigned int __cdecl LoadShaders(class std::basic_string<char,struct std::char_traits<char>,class std::allocator<char> > const &,class std::basic_string<char,struct std::char_traits<char>,class std::allocator<char> > const &)" (?LoadShaders@@YAIAEBV?$basic_string@DU?$char_traits@D@std@@V?$allocator@D@2@@std@@0@Z) 함수에서 참조되는 확인할 수 없는 외부 기호
Q2.obj : error LNK2019: __imp___glewDetachShader"unsigned int __cdecl LoadShaders(class std::basic_string<char,struct std::char_traits<char>,class std::allocator<char> > const &,class std::basic_string<char,struct std::char_traits<char>,class std::allocator<char> > const &)" (?LoadShaders@@YAIAEBV?$basic_string@DU?$char_traits@D@std@@V?$allocator@D@2@@std@@0@Z) 함수에서 참조되는 확인할 수 없는 외부 기호
Q2.obj : error LNK2019: __imp___glewEnableVertexAttribArray"void __cdecl Update_mesh(unsigned int const &,class std::vector<unsigned int,class std::allocator<unsigned int> > const &,class std::vector<struct glm::detail::tvec3<float,0>,class std::allocator<struct glm::detail::tvec3<float,0> > >,class std::vector<struct glm::detail::tvec3<float,0>,class std::allocator<struct glm::detail::tvec3<float,0> > >,class std::vector<struct glm::detail::tvec3<float,0>,class std::allocator<struct glm::detail::tvec3<float,0> > >,class std::vector<unsigned int,class std::allocator<unsigned int> > &)" (?Update_mesh@@YAXAEBIAEBV?$vector@IV?$allocator@I@std@@@std@@V?$vector@U?$tvec3@M$0A@@detail@glm@@V?$allocator@U?$tvec3@M$0A@@detail@glm@@@std@@@2@22AEAV12@@Z) 함수에서 참조되는 확인할 수 없는 외부 기호
Q2.obj : error LNK2019: __imp___glewGetProgramInfoLog"unsigned int __cdecl LoadShaders(class std::basic_string<char,struct std::char_traits<char>,class std::allocator<char> > const &,class std::basic_string<char,struct std::char_traits<char>,class std::allocator<char> > const &)" (?LoadShaders@@YAIAEBV?$basic_string@DU?$char_traits@D@std@@V?$allocator@D@2@@std@@0@Z) 함수에서 참조되는 확인할 수 없는 외부 기호
Q2.obj : error LNK2019: __imp___glewGetProgramiv"unsigned int __cdecl LoadShaders(class std::basic_string<char,struct std::char_traits<char>,class std::allocator<char> > const &,class std::basic_string<char,struct std::char_traits<char>,class std::allocator<char> > const &)" (?LoadShaders@@YAIAEBV?$basic_string@DU?$char_traits@D@std@@V?$allocator@D@2@@std@@0@Z) 함수에서 참조되는 확인할 수 없는 외부 기호
Q2.obj : error LNK2019: __imp___glewGetShaderInfoLog"unsigned int __cdecl LoadShaders(class std::basic_string<char,struct std::char_traits<char>,class std::allocator<char> > const &,class std::basic_string<char,struct std::char_traits<char>,class std::allocator<char> > const &)" (?LoadShaders@@YAIAEBV?$basic_string@DU?$char_traits@D@std@@V?$allocator@D@2@@std@@0@Z) 함수에서 참조되는 확인할 수 없는 외부 기호
Q2.obj : error LNK2019: __imp___glewGetShaderiv"unsigned int __cdecl LoadShaders(class std::basic_string<char,struct std::char_traits<char>,class std::allocator<char> > const &,class std::basic_string<char,struct std::char_traits<char>,class std::allocator<char> > const &)" (?LoadShaders@@YAIAEBV?$basic_string@DU?$char_traits@D@std@@V?$allocator@D@2@@std@@0@Z) 함수에서 참조되는 확인할 수 없는 외부 기호
Q2.obj : error LNK2019: __imp___glewGetUniformLocationmain 함수에서 참조되는 확인할 수 없는 외부 기호
Q2.obj : error LNK2019: __imp___glewLinkProgram"unsigned int __cdecl LoadShaders(class std::basic_string<char,struct std::char_traits<char>,class std::allocator<char> > const &,class std::basic_string<char,struct std::char_traits<char>,class std::allocator<char> > const &)" (?LoadShaders@@YAIAEBV?$basic_string@DU?$char_traits@D@std@@V?$allocator@D@2@@std@@0@Z) 함수에서 참조되는 확인할 수 없는 외부 기호
Q2.obj : error LNK2019: __imp___glewShaderSource"unsigned int __cdecl LoadShaders(class std::basic_string<char,struct std::char_traits<char>,class std::allocator<char> > const &,class std::basic_string<char,struct std::char_traits<char>,class std::allocator<char> > const &)" (?LoadShaders@@YAIAEBV?$basic_string@DU?$char_traits@D@std@@V?$allocator@D@2@@std@@0@Z) 함수에서 참조되는 확인할 수 없는 외부 기호
Q2.obj : error LNK2019: __imp___glewUniform1fmain 함수에서 참조되는 확인할 수 없는 외부 기호
Q2.obj : error LNK2019: __imp___glewUniform3fvmain 함수에서 참조되는 확인할 수 없는 외부 기호
Q2.obj : error LNK2019: __imp___glewUniform4fvmain 함수에서 참조되는 확인할 수 없는 외부 기호
Q2.obj : error LNK2019: __imp___glewUniformMatrix4fvmain 함수에서 참조되는 확인할 수 없는 외부 기호
Q2.obj : error LNK2019: __imp___glewUseProgrammain 함수에서 참조되는 확인할 수 없는 외부 기호
Q2.obj : error LNK2019: __imp___glewVertexAttribPointer"void __cdecl Update_mesh(unsigned int const &,class std::vector<unsigned int,class std::allocator<unsigned int> > const &,class std::vector<struct glm::detail::tvec3<float,0>,class std::allocator<struct glm::detail::tvec3<float,0> > >,class std::vector<struct glm::detail::tvec3<float,0>,class std::allocator<struct glm::detail::tvec3<float,0> > >,class std::vector<struct glm::detail::tvec3<float,0>,class std::allocator<struct glm::detail::tvec3<float,0> > >,class std::vector<unsigned int,class std::allocator<unsigned int> > &)" (?Update_mesh@@YAXAEBIAEBV?$vector@IV?$allocator@I@std@@@std@@V?$vector@U?$tvec3@M$0A@@detail@glm@@V?$allocator@U?$tvec3@M$0A@@detail@glm@@@std@@@2@22AEAV12@@Z) 함수에서 참조되는 확인할 수 없는 외부 기호
Q2.obj : error LNK2019: __imp___glewBindVertexArray"void __cdecl Update_mesh(unsigned int const &,class std::vector<unsigned int,class std::allocator<unsigned int> > const &,class std::vector<struct glm::detail::tvec3<float,0>,class std::allocator<struct glm::detail::tvec3<float,0> > >,class std::vector<struct glm::detail::tvec3<float,0>,class std::allocator<struct glm::detail::tvec3<float,0> > >,class std::vector<struct glm::detail::tvec3<float,0>,class std::allocator<struct glm::detail::tvec3<float,0> > >,class std::vector<unsigned int,class std::allocator<unsigned int> > &)" (?Update_mesh@@YAXAEBIAEBV?$vector@IV?$allocator@I@std@@@std@@V?$vector@U?$tvec3@M$0A@@detail@glm@@V?$allocator@U?$tvec3@M$0A@@detail@glm@@@std@@@2@22AEAV12@@Z) 함수에서 참조되는 확인할 수 없는 외부 기호
Q2.obj : error LNK2019: __imp___glewDeleteVertexArraysmain 함수에서 참조되는 확인할 수 없는 외부 기호
Q2.obj : error LNK2019: __imp___glewGenVertexArraysmain 함수에서 참조되는 확인할 수 없는 외부 기호
Q2.obj : error LNK2019: __imp_glewExperimentalmain 함수에서 참조되는 확인할 수 없는 외부 기호
msvcprtd.lib(locale0_implib.obj) : error LNK2019: __imp__free_dbg"public: static void __cdecl std::_Fac_node::operator delete(void *)" (??3_Fac_node@std@@SAXPEAX@Z) 함수에서 참조되는 확인할 수 없는 외부 기호
msvcprtd.lib(locale0_implib.obj) : error LNK2019: __imp__malloc_dbg"public: static void * __cdecl std::_Fac_node::operator new(unsigned __int64)" (??2_Fac_node@std@@SAPEAX_K@Z) 함수에서 참조되는 확인할 수 없는 외부 기호
..\lib\glfw3.lib : warning LNK4272: 'x86' 라이브러리 컴퓨터 종류가 'x64' 대상 컴퓨터 종류와 충돌합니다.
..\lib\glew32.lib : warning LNK4272: 'x86' 라이브러리 컴퓨터 종류가 'x64' 대상 컴퓨터 종류와 충돌합니다.
..\lib\freeglut.lib : warning LNK4272: 'x86' 라이브러리 컴퓨터 종류가 'x64' 대상 컴퓨터 종류와 충돌합니다.
..\lib\glfw3dll.lib : warning LNK4272: 'x86' 라이브러리 컴퓨터 종류가 'x64' 대상 컴퓨터 종류와 충돌합니다.
D:\Git\CG_Assignment08\CG_Assignment08_Q2\bin\Q2.exe : fatal error LNK1120: 51개의 확인할 수 없는 외부 참조입니다.
