d:\gitclone\advancecomputergraphic\advancecg\acg_homework3\acg_homework\x64\debug\vc143.pdb
d:\gitclone\advancecomputergraphic\advancecg\acg_homework3\acg_homework\x64\debug\vc143.idb
d:\gitclone\advancecomputergraphic\advancecg\acg_homework3\acg_homework\x64\debug\spline.obj
d:\gitclone\advancecomputergraphic\advancecg\acg_homework3\acg_homework\x64\debug\scene.obj
d:\gitclone\advancecomputergraphic\advancecg\acg_homework3\acg_homework\x64\debug\main.obj
d:\gitclone\advancecomputergraphic\advancecg\acg_homework3\acg_homework\x64\debug\geometry.obj
d:\gitclone\advancecomputergraphic\advancecg\acg_homework3\x64\debug\acg_homework.pdb
d:\gitclone\advancecomputergraphic\advancecg\acg_homework3\acg_homework\x64\debug\acg_homework.tlog\cl.command.1.tlog
d:\gitclone\advancecomputergraphic\advancecg\acg_homework3\acg_homework\x64\debug\acg_homework.tlog\cl.read.1.tlog
d:\gitclone\advancecomputergraphic\advancecg\acg_homework3\acg_homework\x64\debug\acg_homework.tlog\cl.write.1.tlog
d:\gitclone\advancecomputergraphic\advancecg\acg_homework3\acg_homework\x64\debug\acg_homework.tlog\link-cvtres.read.1.tlog
d:\gitclone\advancecomputergraphic\advancecg\acg_homework3\acg_homework\x64\debug\acg_homework.tlog\link-cvtres.write.1.tlog
d:\gitclone\advancecomputergraphic\advancecg\acg_homework3\acg_homework\x64\debug\acg_homework.tlog\link-rc.read.1.tlog
d:\gitclone\advancecomputergraphic\advancecg\acg_homework3\acg_homework\x64\debug\acg_homework.tlog\link-rc.write.1.tlog
d:\gitclone\advancecomputergraphic\advancecg\acg_homework3\acg_homework\x64\debug\acg_homework.tlog\link.command.1.tlog
d:\gitclone\advancecomputergraphic\advancecg\acg_homework3\acg_homework\x64\debug\acg_homework.tlog\link.read.1.tlog
d:\gitclone\advancecomputergraphic\advancecg\acg_homework3\acg_homework\x64\debug\acg_homework.tlog\link.read.2.tlog
d:\gitclone\advancecomputergraphic\advancecg\acg_homework3\acg_homework\x64\debug\acg_homework.tlog\link.read.3.tlog
d:\gitclone\advancecomputergraphic\advancecg\acg_homework3\acg_homework\x64\debug\acg_homework.tlog\link.read.4.tlog
d:\gitclone\advancecomputergraphic\advancecg\acg_homework3\acg_homework\x64\debug\acg_homework.tlog\link.write.1.tlog
