  Main_PhongShader.cpp
D:\GitClone\CG_Assignment07\CG_Assignment7_ClassSampleCodeVersion\EmptyViewer\Main_PhongShader.cpp(269,50): warning C4267: 'argument': conversion from 'size_t' to 'GLsizei', possible loss of data
Main_PhongShader.obj : error LNK2001: unresolved external symbol glfwSwapBuffers
Main_PhongShader.obj : error LNK2001: unresolved external symbol __imp___glewEnableVertexAttribArray
Main_PhongShader.obj : error LNK2001: unresolved external symbol __imp___glewBindVertexArray
Main_PhongShader.obj : error LNK2001: unresolved external symbol __imp___glewUseProgram
Main_PhongShader.obj : error LNK2001: unresolved external symbol glfwSetFramebufferSizeCallback
Main_PhongShader.obj : error LNK2001: unresolved external symbol __imp___glewVertexAttribPointer
Main_PhongShader.obj : error LNK2001: unresolved external symbol __imp___glewGetShaderiv
Main_PhongShader.obj : error LNK2001: unresolved external symbol __imp___glewCompileShader
Main_PhongShader.obj : error LNK2001: unresolved external symbol __imp___glewCreateShader
Main_PhongShader.obj : error LNK2001: unresolved external symbol __imp___glewBindBuffer
Main_PhongShader.obj : error LNK2001: unresolved external symbol __imp___glewCreateProgram
Main_PhongShader.obj : error LNK2001: unresolved external symbol glfwGetKey
Main_PhongShader.obj : error LNK2001: unresolved external symbol __imp___glewGetShaderInfoLog
Main_PhongShader.obj : error LNK2001: unresolved external symbol __imp___glewGetProgramiv
Main_PhongShader.obj : error LNK2001: unresolved external symbol glfwTerminate
Main_PhongShader.obj : error LNK2001: unresolved external symbol glfwPollEvents
Main_PhongShader.obj : error LNK2001: unresolved external symbol glfwInit
Main_PhongShader.obj : error LNK2001: unresolved external symbol __imp___glewDeleteVertexArrays
Main_PhongShader.obj : error LNK2001: unresolved external symbol glfwSetWindowShouldClose
Main_PhongShader.obj : error LNK2001: unresolved external symbol glfwCreateWindow
Main_PhongShader.obj : error LNK2001: unresolved external symbol glfwWindowHint
Main_PhongShader.obj : error LNK2001: unresolved external symbol __imp___glewGetUniformLocation
Main_PhongShader.obj : error LNK2001: unresolved external symbol glfwMakeContextCurrent
Main_PhongShader.obj : error LNK2001: unresolved external symbol __imp___glewBufferData
Main_PhongShader.obj : error LNK2001: unresolved external symbol __imp___glewAttachShader
Main_PhongShader.obj : error LNK2001: unresolved external symbol __imp___glewDeleteProgram
Main_PhongShader.obj : error LNK2001: unresolved external symbol __imp___glewShaderSource
Main_PhongShader.obj : error LNK2001: unresolved external symbol __imp___glewGenVertexArrays
Main_PhongShader.obj : error LNK2001: unresolved external symbol glfwDestroyWindow
Main_PhongShader.obj : error LNK2001: unresolved external symbol __imp___glewUniformMatrix4fv
Main_PhongShader.obj : error LNK2001: unresolved external symbol __imp_glewExperimental
Main_PhongShader.obj : error LNK2001: unresolved external symbol __imp___glewDetachShader
Main_PhongShader.obj : error LNK2001: unresolved external symbol __imp___glewGetProgramInfoLog
Main_PhongShader.obj : error LNK2001: unresolved external symbol __imp___glewGenBuffers
Main_PhongShader.obj : error LNK2001: unresolved external symbol __imp___glewDeleteShader
Main_PhongShader.obj : error LNK2001: unresolved external symbol __imp___glewLinkProgram
Main_PhongShader.obj : error LNK2001: unresolved external symbol glfwWindowShouldClose
Main_PhongShader.obj : error LNK2001: unresolved external symbol __imp_glewInit
Main_PhongShader.obj : error LNK2001: unresolved external symbol __imp___glewDeleteBuffers
D:\GitClone\CG_Assignment07\CG_Assignment7_ClassSampleCodeVersion\bin\EmptyViewer.exe : fatal error LNK1120: 39 unresolved externals
