  Main_PhongShader.cpp
  GLM: rotate function taking degrees as a parameter is deprecated. #define GLM_FORCE_RADIANS before including GLM headers to remove this message.
  GLM: rotate_slow function taking degrees as a parameter is deprecated. #define GLM_FORCE_RADIANS before including GLM headers to remove this message.
  GLM: perspective function taking degrees as a parameter is deprecated. #define GLM_FORCE_RADIANS before including GLM headers to remove this message.
  GLM: perspectiveFov function taking degrees as a parameter is deprecated. #define GLM_FORCE_RADIANS before including GLM headers to remove this message.
  GLM: infinitePerspective function taking degrees as a parameter is deprecated. #define GLM_FORCE_RADIANS before including GLM headers to remove this message.
  GLM: tweakedInfinitePerspective function taking degrees as a parameter is deprecated. #define GLM_FORCE_RADIANS before including GLM headers to remove this message.
  GLM: rotate function taking degrees as a parameter is deprecated. #define GLM_FORCE_RADIANS before including GLM headers to remove this message.
  GLM: roll function returning degrees is deprecated. #define GLM_FORCE_RADIANS before including GLM headers to remove this message.
  GLM: pitch function returning degrees is deprecated. #define GLM_FORCE_RADIANS before including GLM headers to remove this message.
  GLM: yaw function returning degrees is deprecated. #define GLM_FORCE_RADIANS before including GLM headers to remove this message.
  GLM: angle function returning degrees is deprecated. #define GLM_FORCE_RADIANS before including GLM headers to remove this message.
  GLM: angleAxis function taking degrees as a parameter is deprecated. #define GLM_FORCE_RADIANS before including GLM headers to remove this message.
Main_PhongShader.obj : error LNK2019: unresolved external symbol __imp___invalid_parameter referenced in function "void * __cdecl std::_Allocate_manually_vector_aligned<struct std::_Default_allocate_traits>(unsigned int)" (??$_Allocate_manually_vector_aligned@U_Default_allocate_traits@std@@@std@@YAPAXI@Z)
Main_PhongShader.obj : error LNK2019: unresolved external symbol __imp___CrtDbgReport referenced in function "void * __cdecl std::_Allocate_manually_vector_aligned<struct std::_Default_allocate_traits>(unsigned int)" (??$_Allocate_manually_vector_aligned@U_Default_allocate_traits@std@@@std@@YAPAXI@Z)
glfw3.lib(init.obj) : error LNK2019: unresolved external symbol __imp__vsnprintf referenced in function __glfwInputError
MSVCRT.lib(vsnprintf.obj) : error LNK2001: unresolved external symbol __imp__vsnprintf
glfw3.lib(context.obj) : error LNK2019: unresolved external symbol __imp__sscanf referenced in function _parseGLVersion
msvcprtd.lib(locale0_implib.obj) : error LNK2019: unresolved external symbol __imp___free_dbg referenced in function "public: static void __cdecl std::_Fac_node::operator delete(void *)" (??3_Fac_node@std@@SAXPAX@Z)
msvcprtd.lib(locale0_implib.obj) : error LNK2019: unresolved external symbol __imp___malloc_dbg referenced in function "public: static void * __cdecl std::_Fac_node::operator new(unsigned int)" (??2_Fac_node@std@@SAPAXI@Z)
MSVCRT.lib(vsnprintf.obj) : error LNK2001: unresolved external symbol __imp___vsnprintf
D:\GitClone\CG_Assignment07\CG_Assignment7_ClassSampleCodeVersion\bin\EmptyViewer.exe : fatal error LNK1120: 7 unresolved externals
