frame_timer.obj : error LNK2001: unresolved external symbol __imp___glewBeginQuery
frame_timer.obj : error LNK2001: unresolved external symbol __imp_glutPostRedisplay
frame_timer.obj : error LNK2001: unresolved external symbol __imp___glewGetQueryObjectiv
frame_timer.obj : error LNK2001: unresolved external symbol __imp___glewEndQuery
frame_timer.obj : error LNK2001: unresolved external symbol __imp_glutSetWindowTitle
frame_timer.obj : error LNK2001: unresolved external symbol __imp_glutSwapBuffers
frame_timer.obj : error LNK2001: unresolved external symbol __imp___glewGenQueries
Main_Renderer.obj : error LNK2001: unresolved external symbol __imp_glfwSwapBuffers
Main_Renderer.obj : error LNK2001: unresolved external symbol __imp___glewEnableVertexAttribArray
Main_Renderer.obj : error LNK2001: unresolved external symbol __imp___glewBindVertexArray
Main_Renderer.obj : error LNK2001: unresolved external symbol __imp___glewUseProgram
Main_Renderer.obj : error LNK2001: unresolved external symbol __imp_glfwSetFramebufferSizeCallback
Main_Renderer.obj : error LNK2001: unresolved external symbol __imp___glewVertexAttribPointer
Main_Renderer.obj : error LNK2001: unresolved external symbol __imp___glewGetShaderiv
Main_Renderer.obj : error LNK2001: unresolved external symbol __imp___glewCompileShader
Main_Renderer.obj : error LNK2001: unresolved external symbol __imp___glewCreateShader
Main_Renderer.obj : error LNK2001: unresolved external symbol __imp___glewBindBuffer
Main_Renderer.obj : error LNK2001: unresolved external symbol __imp___glewCreateProgram
Main_Renderer.obj : error LNK2001: unresolved external symbol __imp_glfwGetKey
Main_Renderer.obj : error LNK2001: unresolved external symbol __imp___glewGetShaderInfoLog
Main_Renderer.obj : error LNK2001: unresolved external symbol __imp___glewGetProgramiv
Main_Renderer.obj : error LNK2001: unresolved external symbol __imp_glfwTerminate
Main_Renderer.obj : error LNK2001: unresolved external symbol __imp_glfwPollEvents
Main_Renderer.obj : error LNK2001: unresolved external symbol __imp_glfwInit
Main_Renderer.obj : error LNK2001: unresolved external symbol __imp___glewDeleteVertexArrays
Main_Renderer.obj : error LNK2001: unresolved external symbol __imp_glfwSetWindowShouldClose
Main_Renderer.obj : error LNK2001: unresolved external symbol __imp___glewUniform1f
Main_Renderer.obj : error LNK2001: unresolved external symbol __imp_glfwCreateWindow
Main_Renderer.obj : error LNK2001: unresolved external symbol __imp_glfwWindowHint
Main_Renderer.obj : error LNK2001: unresolved external symbol __imp___glewGetUniformLocation
Main_Renderer.obj : error LNK2001: unresolved external symbol __imp_glfwMakeContextCurrent
Main_Renderer.obj : error LNK2001: unresolved external symbol __imp___glewBufferData
Main_Renderer.obj : error LNK2001: unresolved external symbol __imp___glewAttachShader
Main_Renderer.obj : error LNK2001: unresolved external symbol __imp___glewDeleteProgram
Main_Renderer.obj : error LNK2001: unresolved external symbol __imp___glewShaderSource
Main_Renderer.obj : error LNK2001: unresolved external symbol __imp___glewGenVertexArrays
Main_Renderer.obj : error LNK2001: unresolved external symbol __imp_glfwDestroyWindow
Main_Renderer.obj : error LNK2001: unresolved external symbol __imp___glewUniformMatrix4fv
Main_Renderer.obj : error LNK2001: unresolved external symbol __imp_glewExperimental
Main_Renderer.obj : error LNK2001: unresolved external symbol __imp___glewDetachShader
Main_Renderer.obj : error LNK2001: unresolved external symbol __imp___glewGetProgramInfoLog
Main_Renderer.obj : error LNK2001: unresolved external symbol __imp___glewGenBuffers
Main_Renderer.obj : error LNK2001: unresolved external symbol __imp___glewDeleteShader
Main_Renderer.obj : error LNK2001: unresolved external symbol __imp___glewLinkProgram
Main_Renderer.obj : error LNK2001: unresolved external symbol __imp_glfwWindowShouldClose
Main_Renderer.obj : error LNK2001: unresolved external symbol __imp_glewInit
Main_Renderer.obj : error LNK2001: unresolved external symbol __imp___glewDeleteBuffers
Main_Renderer.obj : error LNK2001: unresolved external symbol __imp___glewUniform3fv
D:\GitClone\CG_Assignment08\CG_Assignment8\bin\EmptyViewer.exe : fatal error LNK1120: 48 unresolved externals
