  load_mesh.cpp
D:\GitClone\CG_Assignment08\CG_Assignment08_Q2\Q2\load_mesh.cpp(37,13): warning C4267: 'initializing': conversion from 'size_t' to 'int', possible loss of data
D:\GitClone\CG_Assignment08\CG_Assignment08_Q2\Q2\load_mesh.cpp(88,12): warning C4244: 'initializing': conversion from 'double' to 'float', possible loss of data
D:\GitClone\CG_Assignment08\CG_Assignment08_Q2\Q2\load_mesh.cpp(89,12): warning C4244: 'initializing': conversion from 'double' to 'float', possible loss of data
D:\GitClone\CG_Assignment08\CG_Assignment08_Q2\Q2\load_mesh.cpp(90,12): warning C4244: 'initializing': conversion from 'double' to 'float', possible loss of data
D:\GitClone\CG_Assignment08\CG_Assignment08_Q2\Q2\load_mesh.cpp(104,12): warning C4244: 'initializing': conversion from 'double' to 'float', possible loss of data
D:\GitClone\CG_Assignment08\CG_Assignment08_Q2\Q2\load_mesh.cpp(105,12): warning C4244: 'initializing': conversion from 'double' to 'float', possible loss of data
D:\GitClone\CG_Assignment08\CG_Assignment08_Q2\Q2\load_mesh.cpp(106,12): warning C4244: 'initializing': conversion from 'double' to 'float', possible loss of data
D:\GitClone\CG_Assignment08\CG_Assignment08_Q2\Q2\load_mesh.cpp(125,9): warning C4477: 'printf' : format string '%lu' requires an argument of type 'unsigned long', but variadic argument 2 has type 'unsigned __int64'
      D:\GitClone\CG_Assignment08\CG_Assignment08_Q2\Q2\load_mesh.cpp(125,9):
      consider using '%zu' in the format string
  
D:\GitClone\CG_Assignment08\CG_Assignment08_Q2\Q2\load_mesh.cpp(125,9): warning C4477: 'printf' : format string '%lu' requires an argument of type 'unsigned long', but variadic argument 3 has type 'unsigned __int64'
      D:\GitClone\CG_Assignment08\CG_Assignment08_Q2\Q2\load_mesh.cpp(125,9):
      consider using '%zu' in the format string
  
D:\GitClone\CG_Assignment08\CG_Assignment08_Q2\Q2\load_mesh.cpp(125,9): warning C4477: 'printf' : format string '%lu' requires an argument of type 'unsigned long', but variadic argument 4 has type 'unsigned __int64'
      D:\GitClone\CG_Assignment08\CG_Assignment08_Q2\Q2\load_mesh.cpp(125,9):
      consider using '%zu' in the format string
  
  Q2.cpp
D:\GitClone\CG_Assignment08\CG_Assignment08_Q2\Q2\Q2.cpp(357,50): warning C4267: 'argument': conversion from 'size_t' to 'GLsizei', possible loss of data
  Generating Code...
load_mesh.obj : error LNK2019: unresolved external symbol __imp__invalid_parameter referenced in function "void * __cdecl std::_Allocate_manually_vector_aligned<struct std::_Default_allocate_traits>(unsigned __int64)" (??$_Allocate_manually_vector_aligned@U_Default_allocate_traits@std@@@std@@YAPEAX_K@Z)
Q2.obj : error LNK2001: unresolved external symbol __imp__invalid_parameter
load_mesh.obj : error LNK2019: unresolved external symbol __imp__CrtDbgReport referenced in function "void * __cdecl std::_Allocate_manually_vector_aligned<struct std::_Default_allocate_traits>(unsigned __int64)" (??$_Allocate_manually_vector_aligned@U_Default_allocate_traits@std@@@std@@YAPEAX_K@Z)
Q2.obj : error LNK2001: unresolved external symbol __imp__CrtDbgReport
Q2.obj : error LNK2019: unresolved external symbol __imp_glewInit referenced in function main
Q2.obj : error LNK2019: unresolved external symbol __imp_glfwInit referenced in function main
Q2.obj : error LNK2019: unresolved external symbol __imp_glfwTerminate referenced in function main
Q2.obj : error LNK2019: unresolved external symbol __imp_glfwWindowHint referenced in function main
Q2.obj : error LNK2019: unresolved external symbol __imp_glfwCreateWindow referenced in function main
Q2.obj : error LNK2019: unresolved external symbol __imp_glfwDestroyWindow referenced in function main
Q2.obj : error LNK2019: unresolved external symbol __imp_glfwWindowShouldClose referenced in function main
Q2.obj : error LNK2019: unresolved external symbol __imp_glfwSetWindowShouldClose referenced in function "void __cdecl processInput(struct GLFWwindow *)" (?processInput@@YAXPEAUGLFWwindow@@@Z)
Q2.obj : error LNK2019: unresolved external symbol __imp_glfwSetWindowTitle referenced in function main
Q2.obj : error LNK2019: unresolved external symbol __imp_glfwSetFramebufferSizeCallback referenced in function main
Q2.obj : error LNK2019: unresolved external symbol __imp_glfwPollEvents referenced in function main
Q2.obj : error LNK2019: unresolved external symbol __imp_glfwGetKey referenced in function "void __cdecl processInput(struct GLFWwindow *)" (?processInput@@YAXPEAUGLFWwindow@@@Z)
Q2.obj : error LNK2019: unresolved external symbol __imp_glfwMakeContextCurrent referenced in function main
Q2.obj : error LNK2019: unresolved external symbol __imp_glfwSwapBuffers referenced in function main
Q2.obj : error LNK2019: unresolved external symbol __imp___glewBeginQuery referenced in function "void __cdecl start_timing(void)" (?start_timing@@YAXXZ)
Q2.obj : error LNK2019: unresolved external symbol __imp___glewBindBuffer referenced in function "void __cdecl Update_mesh(unsigned int const &,class std::vector<unsigned int,class std::allocator<unsigned int> > const &,class std::vector<struct glm::detail::tvec3<float,0>,class std::allocator<struct glm::detail::tvec3<float,0> > >,class std::vector<struct glm::detail::tvec3<float,0>,class std::allocator<struct glm::detail::tvec3<float,0> > >,class std::vector<struct glm::detail::tvec3<float,0>,class std::allocator<struct glm::detail::tvec3<float,0> > >,class std::vector<unsigned int,class std::allocator<unsigned int> > &)" (?Update_mesh@@YAXAEBIAEBV?$vector@IV?$allocator@I@std@@@std@@V?$vector@U?$tvec3@M$0A@@detail@glm@@V?$allocator@U?$tvec3@M$0A@@detail@glm@@@std@@@2@22AEAV12@@Z)
Q2.obj : error LNK2019: unresolved external symbol __imp___glewBufferData referenced in function "void __cdecl Update_mesh(unsigned int const &,class std::vector<unsigned int,class std::allocator<unsigned int> > const &,class std::vector<struct glm::detail::tvec3<float,0>,class std::allocator<struct glm::detail::tvec3<float,0> > >,class std::vector<struct glm::detail::tvec3<float,0>,class std::allocator<struct glm::detail::tvec3<float,0> > >,class std::vector<struct glm::detail::tvec3<float,0>,class std::allocator<struct glm::detail::tvec3<float,0> > >,class std::vector<unsigned int,class std::allocator<unsigned int> > &)" (?Update_mesh@@YAXAEBIAEBV?$vector@IV?$allocator@I@std@@@std@@V?$vector@U?$tvec3@M$0A@@detail@glm@@V?$allocator@U?$tvec3@M$0A@@detail@glm@@@std@@@2@22AEAV12@@Z)
Q2.obj : error LNK2019: unresolved external symbol __imp___glewDeleteBuffers referenced in function main
Q2.obj : error LNK2019: unresolved external symbol __imp___glewEndQuery referenced in function "float __cdecl stop_timing(void)" (?stop_timing@@YAMXZ)
Q2.obj : error LNK2019: unresolved external symbol __imp___glewGenBuffers referenced in function main
Q2.obj : error LNK2019: unresolved external symbol __imp___glewGenQueries referenced in function "void __cdecl init_timer(void)" (?init_timer@@YAXXZ)
Q2.obj : error LNK2019: unresolved external symbol __imp___glewGetQueryObjectiv referenced in function "float __cdecl stop_timing(void)" (?stop_timing@@YAMXZ)
Q2.obj : error LNK2019: unresolved external symbol __imp___glewAttachShader referenced in function "unsigned int __cdecl LoadShaders(class std::basic_string<char,struct std::char_traits<char>,class std::allocator<char> > const &,class std::basic_string<char,struct std::char_traits<char>,class std::allocator<char> > const &)" (?LoadShaders@@YAIAEBV?$basic_string@DU?$char_traits@D@std@@V?$allocator@D@2@@std@@0@Z)
Q2.obj : error LNK2019: unresolved external symbol __imp___glewCompileShader referenced in function "unsigned int __cdecl LoadShaders(class std::basic_string<char,struct std::char_traits<char>,class std::allocator<char> > const &,class std::basic_string<char,struct std::char_traits<char>,class std::allocator<char> > const &)" (?LoadShaders@@YAIAEBV?$basic_string@DU?$char_traits@D@std@@V?$allocator@D@2@@std@@0@Z)
Q2.obj : error LNK2019: unresolved external symbol __imp___glewCreateProgram referenced in function "unsigned int __cdecl LoadShaders(class std::basic_string<char,struct std::char_traits<char>,class std::allocator<char> > const &,class std::basic_string<char,struct std::char_traits<char>,class std::allocator<char> > const &)" (?LoadShaders@@YAIAEBV?$basic_string@DU?$char_traits@D@std@@V?$allocator@D@2@@std@@0@Z)
Q2.obj : error LNK2019: unresolved external symbol __imp___glewCreateShader referenced in function "unsigned int __cdecl LoadShaders(class std::basic_string<char,struct std::char_traits<char>,class std::allocator<char> > const &,class std::basic_string<char,struct std::char_traits<char>,class std::allocator<char> > const &)" (?LoadShaders@@YAIAEBV?$basic_string@DU?$char_traits@D@std@@V?$allocator@D@2@@std@@0@Z)
Q2.obj : error LNK2019: unresolved external symbol __imp___glewDeleteProgram referenced in function main
Q2.obj : error LNK2019: unresolved external symbol __imp___glewDeleteShader referenced in function "unsigned int __cdecl LoadShaders(class std::basic_string<char,struct std::char_traits<char>,class std::allocator<char> > const &,class std::basic_string<char,struct std::char_traits<char>,class std::allocator<char> > const &)" (?LoadShaders@@YAIAEBV?$basic_string@DU?$char_traits@D@std@@V?$allocator@D@2@@std@@0@Z)
Q2.obj : error LNK2019: unresolved external symbol __imp___glewDetachShader referenced in function "unsigned int __cdecl LoadShaders(class std::basic_string<char,struct std::char_traits<char>,class std::allocator<char> > const &,class std::basic_string<char,struct std::char_traits<char>,class std::allocator<char> > const &)" (?LoadShaders@@YAIAEBV?$basic_string@DU?$char_traits@D@std@@V?$allocator@D@2@@std@@0@Z)
Q2.obj : error LNK2019: unresolved external symbol __imp___glewEnableVertexAttribArray referenced in function "void __cdecl Update_mesh(unsigned int const &,class std::vector<unsigned int,class std::allocator<unsigned int> > const &,class std::vector<struct glm::detail::tvec3<float,0>,class std::allocator<struct glm::detail::tvec3<float,0> > >,class std::vector<struct glm::detail::tvec3<float,0>,class std::allocator<struct glm::detail::tvec3<float,0> > >,class std::vector<struct glm::detail::tvec3<float,0>,class std::allocator<struct glm::detail::tvec3<float,0> > >,class std::vector<unsigned int,class std::allocator<unsigned int> > &)" (?Update_mesh@@YAXAEBIAEBV?$vector@IV?$allocator@I@std@@@std@@V?$vector@U?$tvec3@M$0A@@detail@glm@@V?$allocator@U?$tvec3@M$0A@@detail@glm@@@std@@@2@22AEAV12@@Z)
Q2.obj : error LNK2019: unresolved external symbol __imp___glewGetProgramInfoLog referenced in function "unsigned int __cdecl LoadShaders(class std::basic_string<char,struct std::char_traits<char>,class std::allocator<char> > const &,class std::basic_string<char,struct std::char_traits<char>,class std::allocator<char> > const &)" (?LoadShaders@@YAIAEBV?$basic_string@DU?$char_traits@D@std@@V?$allocator@D@2@@std@@0@Z)
Q2.obj : error LNK2019: unresolved external symbol __imp___glewGetProgramiv referenced in function "unsigned int __cdecl LoadShaders(class std::basic_string<char,struct std::char_traits<char>,class std::allocator<char> > const &,class std::basic_string<char,struct std::char_traits<char>,class std::allocator<char> > const &)" (?LoadShaders@@YAIAEBV?$basic_string@DU?$char_traits@D@std@@V?$allocator@D@2@@std@@0@Z)
Q2.obj : error LNK2019: unresolved external symbol __imp___glewGetShaderInfoLog referenced in function "unsigned int __cdecl LoadShaders(class std::basic_string<char,struct std::char_traits<char>,class std::allocator<char> > const &,class std::basic_string<char,struct std::char_traits<char>,class std::allocator<char> > const &)" (?LoadShaders@@YAIAEBV?$basic_string@DU?$char_traits@D@std@@V?$allocator@D@2@@std@@0@Z)
Q2.obj : error LNK2019: unresolved external symbol __imp___glewGetShaderiv referenced in function "unsigned int __cdecl LoadShaders(class std::basic_string<char,struct std::char_traits<char>,class std::allocator<char> > const &,class std::basic_string<char,struct std::char_traits<char>,class std::allocator<char> > const &)" (?LoadShaders@@YAIAEBV?$basic_string@DU?$char_traits@D@std@@V?$allocator@D@2@@std@@0@Z)
Q2.obj : error LNK2019: unresolved external symbol __imp___glewGetUniformLocation referenced in function main
Q2.obj : error LNK2019: unresolved external symbol __imp___glewLinkProgram referenced in function "unsigned int __cdecl LoadShaders(class std::basic_string<char,struct std::char_traits<char>,class std::allocator<char> > const &,class std::basic_string<char,struct std::char_traits<char>,class std::allocator<char> > const &)" (?LoadShaders@@YAIAEBV?$basic_string@DU?$char_traits@D@std@@V?$allocator@D@2@@std@@0@Z)
Q2.obj : error LNK2019: unresolved external symbol __imp___glewShaderSource referenced in function "unsigned int __cdecl LoadShaders(class std::basic_string<char,struct std::char_traits<char>,class std::allocator<char> > const &,class std::basic_string<char,struct std::char_traits<char>,class std::allocator<char> > const &)" (?LoadShaders@@YAIAEBV?$basic_string@DU?$char_traits@D@std@@V?$allocator@D@2@@std@@0@Z)
Q2.obj : error LNK2019: unresolved external symbol __imp___glewUniform1f referenced in function main
Q2.obj : error LNK2019: unresolved external symbol __imp___glewUniform3fv referenced in function main
Q2.obj : error LNK2019: unresolved external symbol __imp___glewUniform4fv referenced in function main
Q2.obj : error LNK2019: unresolved external symbol __imp___glewUniformMatrix4fv referenced in function main
Q2.obj : error LNK2019: unresolved external symbol __imp___glewUseProgram referenced in function main
Q2.obj : error LNK2019: unresolved external symbol __imp___glewVertexAttribPointer referenced in function "void __cdecl Update_mesh(unsigned int const &,class std::vector<unsigned int,class std::allocator<unsigned int> > const &,class std::vector<struct glm::detail::tvec3<float,0>,class std::allocator<struct glm::detail::tvec3<float,0> > >,class std::vector<struct glm::detail::tvec3<float,0>,class std::allocator<struct glm::detail::tvec3<float,0> > >,class std::vector<struct glm::detail::tvec3<float,0>,class std::allocator<struct glm::detail::tvec3<float,0> > >,class std::vector<unsigned int,class std::allocator<unsigned int> > &)" (?Update_mesh@@YAXAEBIAEBV?$vector@IV?$allocator@I@std@@@std@@V?$vector@U?$tvec3@M$0A@@detail@glm@@V?$allocator@U?$tvec3@M$0A@@detail@glm@@@std@@@2@22AEAV12@@Z)
Q2.obj : error LNK2019: unresolved external symbol __imp___glewBindVertexArray referenced in function "void __cdecl Update_mesh(unsigned int const &,class std::vector<unsigned int,class std::allocator<unsigned int> > const &,class std::vector<struct glm::detail::tvec3<float,0>,class std::allocator<struct glm::detail::tvec3<float,0> > >,class std::vector<struct glm::detail::tvec3<float,0>,class std::allocator<struct glm::detail::tvec3<float,0> > >,class std::vector<struct glm::detail::tvec3<float,0>,class std::allocator<struct glm::detail::tvec3<float,0> > >,class std::vector<unsigned int,class std::allocator<unsigned int> > &)" (?Update_mesh@@YAXAEBIAEBV?$vector@IV?$allocator@I@std@@@std@@V?$vector@U?$tvec3@M$0A@@detail@glm@@V?$allocator@U?$tvec3@M$0A@@detail@glm@@@std@@@2@22AEAV12@@Z)
Q2.obj : error LNK2019: unresolved external symbol __imp___glewDeleteVertexArrays referenced in function main
Q2.obj : error LNK2019: unresolved external symbol __imp___glewGenVertexArrays referenced in function main
Q2.obj : error LNK2019: unresolved external symbol __imp_glewExperimental referenced in function main
msvcprtd.lib(locale0_implib.obj) : error LNK2019: unresolved external symbol __imp__free_dbg referenced in function "public: static void __cdecl std::_Fac_node::operator delete(void *)" (??3_Fac_node@std@@SAXPEAX@Z)
msvcprtd.lib(locale0_implib.obj) : error LNK2019: unresolved external symbol __imp__malloc_dbg referenced in function "public: static void * __cdecl std::_Fac_node::operator new(unsigned __int64)" (??2_Fac_node@std@@SAPEAX_K@Z)
..\lib\glfw3.lib : warning LNK4272: library machine type 'x86' conflicts with target machine type 'x64'
..\lib\glew32.lib : warning LNK4272: library machine type 'x86' conflicts with target machine type 'x64'
..\lib\freeglut.lib : warning LNK4272: library machine type 'x86' conflicts with target machine type 'x64'
..\lib\glfw3dll.lib : warning LNK4272: library machine type 'x86' conflicts with target machine type 'x64'
D:\GitClone\CG_Assignment08\CG_Assignment08_Q2\bin\Q2.exe : fatal error LNK1120: 51 unresolved externals
