d:\gitclone\cg_assignment07\cg_assignment7\emptyviewer\release\vc143.pdb
d:\gitclone\cg_assignment07\cg_assignment7\emptyviewer\release\main_phongshader.obj
d:\gitclone\cg_assignment07\cg_assignment7_classsamplecodeversion\emptyviewer\release\vc143.pdb
d:\gitclone\cg_assignment07\cg_assignment7_classsamplecodeversion\emptyviewer\release\main_phongshader.obj
d:\gitclone\cg_assignment07\cg_assignment7\bin\emptyviewer.exe
d:\gitclone\cg_assignment07\cg_assignment7\bin\emptyviewer.pdb
d:\gitclone\cg_assignment07\cg_assignment7\emptyviewer\release\emptyviewer.ipdb
d:\gitclone\cg_assignment07\cg_assignment7\emptyviewer\release\emptyviewer.iobj
d:\gitclone\cg_assignment07\cg_assignment7_classsamplecodeversion\emptyviewer\release\main_emptyviewer.obj
d:\gitclone\cg_assignment07\cg_assignment7_classsamplecodeversion\emptyviewer\release\emptyviewer.ipdb
d:\gitclone\cg_assignment07\cg_assignment7_classsamplecodeversion\emptyviewer\release\emptyviewer.iobj
d:\gitclone\cg_assignment07\cg_assignment7_classsamplecodeversion\bin\emptyviewer.pdb
d:\gitclone\cg_assignment07\cg_assignment7_classsamplecodeversion\emptyviewer\release\emptyviewer.tlog\cl.command.1.tlog
d:\gitclone\cg_assignment07\cg_assignment7_classsamplecodeversion\emptyviewer\release\emptyviewer.tlog\cl.items.tlog
d:\gitclone\cg_assignment07\cg_assignment7_classsamplecodeversion\emptyviewer\release\emptyviewer.tlog\cl.read.1.tlog
d:\gitclone\cg_assignment07\cg_assignment7_classsamplecodeversion\emptyviewer\release\emptyviewer.tlog\cl.write.1.tlog
d:\gitclone\cg_assignment07\cg_assignment7_classsamplecodeversion\emptyviewer\release\emptyviewer.tlog\link.command.1.tlog
d:\gitclone\cg_assignment07\cg_assignment7_classsamplecodeversion\emptyviewer\release\emptyviewer.tlog\link.read.1.tlog
d:\gitclone\cg_assignment07\cg_assignment7_classsamplecodeversion\emptyviewer\release\emptyviewer.tlog\link.secondary.1.tlog
d:\gitclone\cg_assignment07\cg_assignment7_classsamplecodeversion\emptyviewer\release\emptyviewer.tlog\link.write.1.tlog
